app/build/outputs/logs/manifest-merger-debug-report.txt
-- Merging decision tree log ---
manifest
ADDED from src\main\AndroidManifest.xml:2:1-208:12
	package
		ADDED from src\main\AndroidManifest.xml:3:5-28
		INJECTED from src\main\AndroidManifest.xml
		INJECTED from src\main\AndroidManifest.xml
	android:versionName
		ADDED from src\main\AndroidManifest.xml:5:5-30
	android:versionCode
		ADDED from src\main\AndroidManifest.xml:4:5-28
		INJECTED from src\main\AndroidManifest.xml
		INJECTED from src\main\AndroidManifest.xml
	xmlns:android
		ADDED from src\main\AndroidManifest.xml:2:11-69
uses-sdk
ADDED from src\main\AndroidManifest.xml:7:5-9:41
MERGED from [com.android.support:support-v4:23.1.0] AndroidManifest.xml:20:5-43
MERGED from [com.android.support:appcompat-v7:23.1.0] AndroidManifest.xml:20:5-43
MERGED from [com.android.support:support-v4:23.1.0] AndroidManifest.xml:20:5-43
MERGED from [com.android.support:design:23.1.0] AndroidManifest.xml:20:5-43
MERGED from [com.android.support:appcompat-v7:23.1.0] AndroidManifest.xml:20:5-43
MERGED from [com.android.support:support-v4:23.1.0] AndroidManifest.xml:20:5-43
MERGED from [com.android.support:recyclerview-v7:23.1.0] AndroidManifest.xml:20:5-43
MERGED from [com.android.support:support-v4:23.1.0] AndroidManifest.xml:20:5-43
MERGED from [com.android.support:support-v4:23.1.0] AndroidManifest.xml:20:5-43
	android:targetSdkVersion
		ADDED from src\main\AndroidManifest.xml:9:9-38
		INJECTED from src\main\AndroidManifest.xml
		INJECTED from src\main\AndroidManifest.xml
	android:minSdkVersion
		ADDED from src\main\AndroidManifest.xml:8:9-35
		INJECTED from src\main\AndroidManifest.xml
		INJECTED from src\main\AndroidManifest.xml
application
ADDED from src\main\AndroidManifest.xml:11:5-141:19
MERGED from [com.android.support:support-v4:23.1.0] AndroidManifest.xml:22:5-20
MERGED from [com.android.support:appcompat-v7:23.1.0] AndroidManifest.xml:22:5-20
MERGED from [com.android.support:support-v4:23.1.0] AndroidManifest.xml:22:5-20
MERGED from [com.android.support:design:23.1.0] AndroidManifest.xml:22:5-20
MERGED from [com.android.support:appcompat-v7:23.1.0] AndroidManifest.xml:22:5-20
MERGED from [com.android.support:support-v4:23.1.0] AndroidManifest.xml:22:5-20
MERGED from [com.android.support:support-v4:23.1.0] AndroidManifest.xml:22:5-20
MERGED from [com.android.support:support-v4:23.1.0] AndroidManifest.xml:22:5-20
	android:label
		ADDED from src\main\AndroidManifest.xml:15:9-41
	android:allowBackup
		ADDED from src\main\AndroidManifest.xml:13:9-35
	android:icon
		ADDED from src\main\AndroidManifest.xml:14:9-38
	android:theme
		ADDED from src\main\AndroidManifest.xml:16:9-40
	android:name
		ADDED from src\main\AndroidManifest.xml:12:9-53
activity#loading_view.LoadActivity
ADDED from src\main\AndroidManifest.xml:18:9-26:20
	android:label
		ADDED from src\main\AndroidManifest.xml:20:13-45
	android:name
		ADDED from src\main\AndroidManifest.xml:19:13-53
intent-filter#android.intent.action.MAIN+android.intent.category.LAUNCHER
ADDED from src\main\AndroidManifest.xml:21:13-25:29
action#android.intent.action.MAIN
ADDED from src\main\AndroidManifest.xml:22:17-69
	android:name
		ADDED from src\main\AndroidManifest.xml:22:25-66
category#android.intent.category.LAUNCHER
ADDED from src\main\AndroidManifest.xml:24:17-77
	android:name
		ADDED from src\main\AndroidManifest.xml:24:27-74
activity#firstuse.FirstView_Activity
ADDED from src\main\AndroidManifest.xml:28:9-31:25
	android:label
		ADDED from src\main\AndroidManifest.xml:30:13-42
	android:name
		ADDED from src\main\AndroidManifest.xml:29:13-55
activity#mainview.demo.MainActivity
ADDED from src\main\AndroidManifest.xml:33:10-37:21
	android:label
		ADDED from src\main\AndroidManifest.xml:35:13-46
	android:name
		ADDED from src\main\AndroidManifest.xml:34:13-54
activity#firstuse.SetNet_Activity
ADDED from src\main\AndroidManifest.xml:39:10-42:25
	android:label
		ADDED from src\main\AndroidManifest.xml:41:13-45
	android:name
		ADDED from src\main\AndroidManifest.xml:40:13-52
activity#load_reg.LoadReg_Activity
ADDED from src\main\AndroidManifest.xml:45:10-48:25
	android:label
		ADDED from src\main\AndroidManifest.xml:47:13-44
	android:name
		ADDED from src\main\AndroidManifest.xml:46:13-53
activity#load_reg.Register_Activity
ADDED from src\main\AndroidManifest.xml:51:11-54:25
	android:label
		ADDED from src\main\AndroidManifest.xml:53:13-44
	android:name
		ADDED from src\main\AndroidManifest.xml:52:13-54
activity#load_reg.LogIn_Activity
ADDED from src\main\AndroidManifest.xml:57:11-60:25
	android:label
		ADDED from src\main\AndroidManifest.xml:59:13-44
	android:name
		ADDED from src\main\AndroidManifest.xml:58:13-51
activity#fourtabview.ProductInfo_Activity
ADDED from src\main\AndroidManifest.xml:63:11-66:25
	android:label
		ADDED from src\main\AndroidManifest.xml:65:13-42
	android:name
		ADDED from src\main\AndroidManifest.xml:64:13-60
activity#product_info.InfoOne_Activity
ADDED from src\main\AndroidManifest.xml:69:11-72:25
	android:label
		ADDED from src\main\AndroidManifest.xml:71:13-42
	android:name
		ADDED from src\main\AndroidManifest.xml:70:13-57
activity#product_info.InfoTwo_Activity
ADDED from src\main\AndroidManifest.xml:75:11-78:25
	android:label
		ADDED from src\main\AndroidManifest.xml:77:13-42
	android:name
		ADDED from src\main\AndroidManifest.xml:76:13-57
activity#product_info.InfoThree_Activity
ADDED from src\main\AndroidManifest.xml:81:11-84:25
	android:label
		ADDED from src\main\AndroidManifest.xml:83:13-42
	android:name
		ADDED from src\main\AndroidManifest.xml:82:13-59
activity#mapview.BaseMapDemo
ADDED from src\main\AndroidManifest.xml:93:11-96:25
	android:label
		ADDED from src\main\AndroidManifest.xml:95:13-42
	android:name
		ADDED from src\main\AndroidManifest.xml:94:13-47
activity#nfcmode.NFCView_Activity
ADDED from src\main\AndroidManifest.xml:98:12-116:21
	android:label
		ADDED from src\main\AndroidManifest.xml:100:13-44
	android:name
		ADDED from src\main\AndroidManifest.xml:99:13-52
intent-filter#android.intent.category.DEFAULT+android.nfc.action.TECH_DISCOVERED
ADDED from src\main\AndroidManifest.xml:102:16-105:32
action#android.nfc.action.TECH_DISCOVERED
ADDED from src\main\AndroidManifest.xml:103:20-80
	android:name
		ADDED from src\main\AndroidManifest.xml:103:28-77
category#android.intent.category.DEFAULT
ADDED from src\main\AndroidManifest.xml:104:20-79
	android:name
		ADDED from src\main\AndroidManifest.xml:104:30-76
intent-filter#android.intent.category.DEFAULT+android.nfc.action.NDEF_DISCOVERED
ADDED from src\main\AndroidManifest.xml:106:13-110:29
action#android.nfc.action.NDEF_DISCOVERED
ADDED from src\main\AndroidManifest.xml:107:5-65
	android:name
		ADDED from src\main\AndroidManifest.xml:107:13-62
data
ADDED from src\main\AndroidManifest.xml:109:5-33
	android:scheme
		ADDED from src\main\AndroidManifest.xml:109:11-31
activity#tabthree_extra.StoreMap_Activity
ADDED from src\main\AndroidManifest.xml:119:12-122:28
	android:label
		ADDED from src\main\AndroidManifest.xml:121:16-49
	android:name
		ADDED from src\main\AndroidManifest.xml:120:16-63
activity#tabfour_extra.PhoneBook_Activity
ADDED from src\main\AndroidManifest.xml:125:12-128:28
	android:label
		ADDED from src\main\AndroidManifest.xml:127:16-49
	android:name
		ADDED from src\main\AndroidManifest.xml:126:16-63
activity#tabfour_extra.Password_Activity
ADDED from src\main\AndroidManifest.xml:130:12-133:28
	android:label
		ADDED from src\main\AndroidManifest.xml:132:16-55
	android:name
		ADDED from src\main\AndroidManifest.xml:131:16-62
service#com.baidu.location.f
ADDED from src\main\AndroidManifest.xml:135:11-139:19
	android:enabled
		ADDED from src\main\AndroidManifest.xml:137:13-35
	android:process
		ADDED from src\main\AndroidManifest.xml:138:13-38
	android:name
		ADDED from src\main\AndroidManifest.xml:136:13-48
uses-permission#android.permission.NFC
ADDED from src\main\AndroidManifest.xml:145:6-63
	android:name
		ADDED from src\main\AndroidManifest.xml:145:24-61
uses-permission#android.permission.GET_ACCOUNTS
ADDED from src\main\AndroidManifest.xml:146:5-71
	android:name
		ADDED from src\main\AndroidManifest.xml:146:22-68
uses-permission#android.permission.USE_CREDENTIALS
ADDED from src\main\AndroidManifest.xml:147:5-74
	android:name
		ADDED from src\main\AndroidManifest.xml:147:22-71
uses-permission#android.permission.MANAGE_ACCOUNTS
ADDED from src\main\AndroidManifest.xml:148:5-74
	android:name
		ADDED from src\main\AndroidManifest.xml:148:22-71
uses-permission#android.permission.AUTHENTICATE_ACCOUNTS
ADDED from src\main\AndroidManifest.xml:149:5-80
	android:name
		ADDED from src\main\AndroidManifest.xml:149:22-77
permission#android.permission.BAIDU_LOCATION_SERVICE
ADDED from src\main\AndroidManifest.xml:151:5-152:18
	android:name
		ADDED from src\main\AndroidManifest.xml:151:17-73
uses-permission#android.permission.BAIDU_LOCATION_SERVICE
ADDED from src\main\AndroidManifest.xml:154:5-155:23
	android:name
		ADDED from src\main\AndroidManifest.xml:154:22-78
uses-permission#android.permission.ACCESS_NETWORK_STATE
ADDED from src\main\AndroidManifest.xml:156:5-157:23
	android:name
		ADDED from src\main\AndroidManifest.xml:156:22-76
uses-permission#android.permission.ACCESS_COARSE_LOCATION
ADDED from src\main\AndroidManifest.xml:158:5-159:23
	android:name
		ADDED from src\main\AndroidManifest.xml:158:22-78
uses-permission#android.permission.INTERNET
ADDED from src\main\AndroidManifest.xml:160:5-161:23
	android:name
		ADDED from src\main\AndroidManifest.xml:160:22-64
uses-permission#android.permission.ACCESS_FINE_LOCATION
ADDED from src\main\AndroidManifest.xml:165:5-166:23
	android:name
		ADDED from src\main\AndroidManifest.xml:165:22-76
uses-permission#com.android.launcher.permission.READ_SETTINGS
ADDED from src\main\AndroidManifest.xml:167:5-85
	android:name
		ADDED from src\main\AndroidManifest.xml:167:22-82
uses-permission#android.permission.WAKE_LOCK
ADDED from src\main\AndroidManifest.xml:168:5-169:23
	android:name
		ADDED from src\main\AndroidManifest.xml:168:22-65
uses-permission#android.permission.CHANGE_WIFI_STATE
ADDED from src\main\AndroidManifest.xml:170:5-76
	android:name
		ADDED from src\main\AndroidManifest.xml:170:22-73
uses-permission#android.permission.ACCESS_WIFI_STATE
ADDED from src\main\AndroidManifest.xml:171:5-76
	android:name
		ADDED from src\main\AndroidManifest.xml:171:22-73
uses-permission#android.permission.ACCESS_GPS
ADDED from src\main\AndroidManifest.xml:172:5-69
	android:name
		ADDED from src\main\AndroidManifest.xml:172:22-66
uses-permission#android.permission.READ_PHONE_STATE
ADDED from src\main\AndroidManifest.xml:173:5-75
	android:name
		ADDED from src\main\AndroidManifest.xml:173:22-72
uses-permission#android.permission.READ_CONTACTS
ADDED from src\main\AndroidManifest.xml:174:5-72
	android:name
		ADDED from src\main\AndroidManifest.xml:174:22-69
uses-permission#android.permission.CALL_PHONE
ADDED from src\main\AndroidManifest.xml:175:5-69
	android:name
		ADDED from src\main\AndroidManifest.xml:175:22-66
uses-permission#android.permission.READ_SMS
ADDED from src\main\AndroidManifest.xml:176:5-67
	android:name
		ADDED from src\main\AndroidManifest.xml:176:22-64
uses-permission#android.permission.SEND_SMS
ADDED from src\main\AndroidManifest.xml:177:5-67
	android:name
		ADDED from src\main\AndroidManifest.xml:177:22-64
uses-permission#android.permission.GET_TASKS
ADDED from src\main\AndroidManifest.xml:179:5-68
	android:name
		ADDED from src\main\AndroidManifest.xml:179:22-65
uses-permission#android.permission.CAMERA
ADDED from src\main\AndroidManifest.xml:180:5-181:23
	android:name
		ADDED from src\main\AndroidManifest.xml:180:22-62
uses-permission#android.permission.RECORD_AUDIO
ADDED from src\main\AndroidManifest.xml:182:5-183:23
	android:name
		ADDED from src\main\AndroidManifest.xml:182:22-68
uses-permission#android.permission.WRITE_EXTERNAL_STORAGE
ADDED from src\main\AndroidManifest.xml:184:5-185:23
	android:name
		ADDED from src\main\AndroidManifest.xml:184:22-78
uses-permission#android.permission.RECEIVE_BOOT_COMPLETED
ADDED from src\main\AndroidManifest.xml:186:5-81
	android:name
		ADDED from src\main\AndroidManifest.xml:186:22-78
uses-permission#android.permission.BROADCAST_STICKY
ADDED from src\main\AndroidManifest.xml:187:5-75
	android:name
		ADDED from src\main\AndroidManifest.xml:187:22-72
uses-permission#android.permission.WRITE_SETTINGS
ADDED from src\main\AndroidManifest.xml:188:5-73
	android:name
		ADDED from src\main\AndroidManifest.xml:188:22-70
uses-permission#android.permission.PROCESS_OUTGOING_CALLS
ADDED from src\main\AndroidManifest.xml:190:5-191:23
	android:name
		ADDED from src\main\AndroidManifest.xml:190:22-78
uses-permission#android.permission.MODIFY_AUDIO_SETTINGS
ADDED from src\main\AndroidManifest.xml:193:5-80
	android:name
		ADDED from src\main\AndroidManifest.xml:193:22-77
uses-permission#android.permission.RESTART_PACKAGES
ADDED from src\main\AndroidManifest.xml:198:6-76
	android:name
		ADDED from src\main\AndroidManifest.xml:198:23-73
supports-screens
ADDED from src\main\AndroidManifest.xml:200:5-205:39
	android:largeScreens
		ADDED from src\main\AndroidManifest.xml:202:9-36
	android:smallScreens
		ADDED from src\main\AndroidManifest.xml:205:9-36
	android:normalScreens
		ADDED from src\main\AndroidManifest.xml:203:9-38
	android:resizeable
		ADDED from src\main\AndroidManifest.xml:204:9-34
	android:anyDensity
		ADDED from src\main\AndroidManifest.xml:201:9-34